app/build/outputs/logs/manifest-merger-debug-report.txt
-- Merging decision tree log ---
manifest
ADDED from src\main\AndroidManifest.xml:2:1-341:12
INJECTED from src\main\AndroidManifest.xml:2:1-341:12
INJECTED from src\main\AndroidManifest.xml:2:1-341:12
INJECTED from src\main\AndroidManifest.xml:2:1-341:12
MERGED from [androidx.multidex:multidex:2.0.1] AndroidManifest.xml:17:1-22:12
MERGED from [com.google.android.material:material:1.0.0] AndroidManifest.xml:17:1-24:12
MERGED from [androidx.appcompat:appcompat:1.0.2] AndroidManifest.xml:17:1-22:12
MERGED from [androidx.constraintlayout:constraintlayout:1.1.3] AndroidManifest.xml:2:1-11:12
MERGED from [androidx.vectordrawable:vectordrawable-animated:1.0.0] AndroidManifest.xml:17:1-22:12
MERGED from [androidx.vectordrawable:vectordrawable:1.0.1] AndroidManifest.xml:17:1-22:12
MERGED from [androidx.cardview:cardview:1.0.0] AndroidManifest.xml:17:1-22:12
MERGED from [com.firebaseui:firebase-ui-database:3.2.2] AndroidManifest.xml:2:1-13:12
MERGED from [androidx.recyclerview:recyclerview:1.0.0] AndroidManifest.xml:17:1-22:12
MERGED from [com.google.firebase:firebase-core:17.1.0] AndroidManifest.xml:2:1-9:12
MERGED from [com.google.firebase:firebase-database:19.0.0] AndroidManifest.xml:15:1-38:12
MERGED from [com.google.firebase:firebase-storage:19.0.0] AndroidManifest.xml:15:1-39:12
MERGED from [com.google.firebase:firebase-crash:16.2.1] AndroidManifest.xml:17:1-32:12
MERGED from [com.google.firebase:firebase-auth:19.0.0] AndroidManifest.xml:17:1-42:12
MERGED from [com.google.firebase:firebase-messaging:20.0.0] AndroidManifest.xml:17:1-37:12
MERGED from [com.google.firebase:firebase-config:19.0.0] AndroidManifest.xml:17:1-38:12
MERGED from [com.github.bumptech.glide:glide:4.8.0] AndroidManifest.xml:2:1-12:12
MERGED from [com.github.clans:fab:1.6.4] AndroidManifest.xml:2:1-14:12
MERGED from [com.github.chrisbanes:PhotoView:2.1.3] AndroidManifest.xml:2:1-12:12
MERGED from [com.crashlytics.sdk.android:crashlytics:2.7.1] AndroidManifest.xml:2:1-19:12
MERGED from [androidx.legacy:legacy-support-v4:1.0.0] AndroidManifest.xml:17:1-22:12
MERGED from [com.google.firebase:firebase-auth-interop:18.0.0] AndroidManifest.xml:2:1-10:12
MERGED from [com.google.firebase:firebase-analytics:17.1.0] AndroidManifest.xml:2:1-9:12
MERGED from [com.google.android.gms:play-services-measurement-api:17.1.0] AndroidManifest.xml:17:1-36:12
MERGED from [com.google.firebase:firebase-iid:20.0.0] AndroidManifest.xml:17:1-47:12
MERGED from [com.google.firebase:firebase-abt:19.0.0] AndroidManifest.xml:2:1-19:12
MERGED from [com.google.firebase:firebase-common:19.0.0] AndroidManifest.xml:2:1-19:12
MERGED from [com.google.android.gms:play-services-flags:16.0.1] AndroidManifest.xml:17:1-22:12
MERGED from [com.google.firebase:firebase-iid-interop:17.0.0] AndroidManifest.xml:2:1-10:12
MERGED from [com.google.android.gms:play-services-base:17.1.0] AndroidManifest.xml:17:1-29:12
MERGED from [com.google.android.gms:play-services-tasks:17.0.0] AndroidManifest.xml:2:1-9:12
MERGED from [com.google.firebase:firebase-measurement-connector:18.0.0] AndroidManifest.xml:17:1-25:12
MERGED from [com.google.android.gms:play-services-measurement:17.1.0] AndroidManifest.xml:17:1-55:12
MERGED from [com.google.android.gms:play-services-measurement-sdk:17.1.0] AndroidManifest.xml:17:1-25:12
MERGED from [com.google.android.gms:play-services-measurement-impl:17.1.0] AndroidManifest.xml:17:1-40:12
MERGED from [com.google.android.gms:play-services-stats:17.0.0] AndroidManifest.xml:2:1-9:12
MERGED from [com.google.android.gms:play-services-measurement-sdk-api:17.1.0] AndroidManifest.xml:17:1-27:12
MERGED from [com.google.android.gms:play-services-measurement-base:17.1.0] AndroidManifest.xml:2:1-9:12
MERGED from [com.google.android.gms:play-services-ads-identifier:17.0.0] AndroidManifest.xml:17:1-24:12
MERGED from [com.google.android.gms:play-services-basement:17.0.0] AndroidManifest.xml:17:1-28:12
MERGED from [androidx.fragment:fragment:1.0.0] AndroidManifest.xml:17:1-22:12
MERGED from [androidx.legacy:legacy-support-core-ui:1.0.0] AndroidManifest.xml:17:1-22:12
MERGED from [androidx.legacy:legacy-support-core-utils:1.0.0] AndroidManifest.xml:17:1-22:12
MERGED from [androidx.transition:transition:1.0.0] AndroidManifest.xml:17:1-22:12
MERGED from [androidx.loader:loader:1.0.0] AndroidManifest.xml:17:1-22:12
MERGED from [androidx.viewpager:viewpager:1.0.0] AndroidManifest.xml:17:1-22:12
MERGED from [androidx.coordinatorlayout:coordinatorlayout:1.0.0] AndroidManifest.xml:17:1-22:12
MERGED from [androidx.drawerlayout:drawerlayout:1.0.0] AndroidManifest.xml:17:1-22:12
MERGED from [androidx.slidingpanelayout:slidingpanelayout:1.0.0] AndroidManifest.xml:17:1-22:12
MERGED from [androidx.customview:customview:1.0.0] AndroidManifest.xml:17:1-22:12
MERGED from [androidx.swiperefreshlayout:swiperefreshlayout:1.0.0] AndroidManifest.xml:17:1-22:12
MERGED from [androidx.asynclayoutinflater:asynclayoutinflater:1.0.0] AndroidManifest.xml:17:1-22:12
MERGED from [androidx.media:media:1.0.0] AndroidManifest.xml:17:1-22:12
MERGED from [androidx.core:core:1.0.1] AndroidManifest.xml:17:1-24:12
MERGED from [androidx.versionedparcelable:versionedparcelable:1.0.0] AndroidManifest.xml:17:1-25:12
MERGED from [androidx.cursoradapter:cursoradapter:1.0.0] AndroidManifest.xml:17:1-22:12
MERGED from [com.firebaseui:firebase-ui-common:3.2.2] AndroidManifest.xml:2:1-12:12
MERGED from [androidx.localbroadcastmanager:localbroadcastmanager:1.0.0] AndroidManifest.xml:17:1-22:12
MERGED from [com.github.bumptech.glide:gifdecoder:4.8.0] AndroidManifest.xml:2:1-11:12
MERGED from [androidx.lifecycle:lifecycle-runtime:2.0.0] AndroidManifest.xml:17:1-22:12
MERGED from [androidx.documentfile:documentfile:1.0.0] AndroidManifest.xml:17:1-22:12
MERGED from [androidx.print:print:1.0.0] AndroidManifest.xml:17:1-22:12
MERGED from [androidx.lifecycle:lifecycle-viewmodel:2.0.0] AndroidManifest.xml:17:1-22:12
MERGED from [androidx.interpolator:interpolator:1.0.0] AndroidManifest.xml:17:1-22:12
MERGED from [androidx.lifecycle:lifecycle-livedata:2.0.0] AndroidManifest.xml:17:1-22:12
MERGED from [androidx.lifecycle:lifecycle-livedata-core:2.0.0] AndroidManifest.xml:17:1-22:12
MERGED from [androidx.arch.core:core-runtime:2.0.0] AndroidManifest.xml:17:1-22:12
MERGED from [com.google.firebase:firebase-database-collection:17.0.0] AndroidManifest.xml:2:1-7:12
MERGED from [com.crashlytics.sdk.android:beta:1.2.7] AndroidManifest.xml:2:1-13:12
MERGED from [com.crashlytics.sdk.android:crashlytics-core:2.4.1] AndroidManifest.xml:45:1-56:12
MERGED from [com.crashlytics.sdk.android:answers:1.4.1] AndroidManifest.xml:2:1-13:12
MERGED from [io.fabric.sdk.android:fabric:1.4.1] AndroidManifest.xml:22:1-33:12
INJECTED from src\main\AndroidManifest.xml:2:1-341:12
INJECTED from src\main\AndroidManifest.xml:2:1-341:12
INJECTED from src\main\AndroidManifest.xml:2:1-341:12
	package
		ADDED from src\main\AndroidManifest.xml:3:5-39
		INJECTED from src\main\AndroidManifest.xml
		INJECTED from src\main\AndroidManifest.xml
	android:versionName
		INJECTED from src\main\AndroidManifest.xml
		ADDED from src\main\AndroidManifest.xml:2:1-341:12
		INJECTED from src\main\AndroidManifest.xml
	android:versionCode
		INJECTED from src\main\AndroidManifest.xml
		ADDED from src\main\AndroidManifest.xml:2:1-341:12
		INJECTED from src\main\AndroidManifest.xml
	xmlns:android
		ADDED from src\main\AndroidManifest.xml:2:11-69
uses-permission#android.permission.GET_ACCOUNTS
ADDED from src\main\AndroidManifest.xml:6:5-71
	android:name
		ADDED from src\main\AndroidManifest.xml:6:22-68
uses-permission#android.permission.READ_PROFILE
ADDED from src\main\AndroidManifest.xml:7:5-71
	android:name
		ADDED from src\main\AndroidManifest.xml:7:22-68
uses-permission#android.permission.INTERNET
ADDED from src\main\AndroidManifest.xml:8:5-67
MERGED from [com.firebaseui:firebase-ui-database:3.2.2] AndroidManifest.xml:11:5-67
MERGED from [com.firebaseui:firebase-ui-database:3.2.2] AndroidManifest.xml:11:5-67
MERGED from [com.google.firebase:firebase-database:19.0.0] AndroidManifest.xml:26:5-67
MERGED from [com.google.firebase:firebase-database:19.0.0] AndroidManifest.xml:26:5-67
MERGED from [com.google.firebase:firebase-storage:19.0.0] AndroidManifest.xml:27:5-67
MERGED from [com.google.firebase:firebase-storage:19.0.0] AndroidManifest.xml:27:5-67
MERGED from [com.google.firebase:firebase-crash:16.2.1] AndroidManifest.xml:22:5-67
MERGED from [com.google.firebase:firebase-crash:16.2.1] AndroidManifest.xml:22:5-67
MERGED from [com.google.firebase:firebase-config:19.0.0] AndroidManifest.xml:26:5-67
MERGED from [com.google.firebase:firebase-config:19.0.0] AndroidManifest.xml:26:5-67
MERGED from [com.crashlytics.sdk.android:crashlytics:2.7.1] AndroidManifest.xml:9:5-67
MERGED from [com.crashlytics.sdk.android:crashlytics:2.7.1] AndroidManifest.xml:9:5-67
MERGED from [com.google.android.gms:play-services-measurement-api:17.1.0] AndroidManifest.xml:22:5-67
MERGED from [com.google.android.gms:play-services-measurement-api:17.1.0] AndroidManifest.xml:22:5-67
MERGED from [com.google.firebase:firebase-iid:20.0.0] AndroidManifest.xml:23:5-67
MERGED from [com.google.firebase:firebase-iid:20.0.0] AndroidManifest.xml:23:5-67
MERGED from [com.google.android.gms:play-services-measurement:17.1.0] AndroidManifest.xml:23:5-67
MERGED from [com.google.android.gms:play-services-measurement:17.1.0] AndroidManifest.xml:23:5-67
MERGED from [com.google.android.gms:play-services-measurement-impl:17.1.0] AndroidManifest.xml:23:5-67
MERGED from [com.google.android.gms:play-services-measurement-impl:17.1.0] AndroidManifest.xml:23:5-67
MERGED from [com.google.android.gms:play-services-measurement-sdk-api:17.1.0] AndroidManifest.xml:23:5-67
MERGED from [com.google.android.gms:play-services-measurement-sdk-api:17.1.0] AndroidManifest.xml:23:5-67
MERGED from [com.crashlytics.sdk.android:beta:1.2.7] AndroidManifest.xml:9:5-67
MERGED from [com.crashlytics.sdk.android:beta:1.2.7] AndroidManifest.xml:9:5-67
MERGED from [com.crashlytics.sdk.android:crashlytics-core:2.4.1] AndroidManifest.xml:52:5-67
MERGED from [com.crashlytics.sdk.android:crashlytics-core:2.4.1] AndroidManifest.xml:52:5-67
MERGED from [com.crashlytics.sdk.android:answers:1.4.1] AndroidManifest.xml:9:5-67
MERGED from [com.crashlytics.sdk.android:answers:1.4.1] AndroidManifest.xml:9:5-67
MERGED from [io.fabric.sdk.android:fabric:1.4.1] AndroidManifest.xml:29:5-67
MERGED from [io.fabric.sdk.android:fabric:1.4.1] AndroidManifest.xml:29:5-67
	android:name
		ADDED from src\main\AndroidManifest.xml:8:22-64
uses-permission#android.permission.READ_EXTERNAL_STORAGE
ADDED from src\main\AndroidManifest.xml:9:5-80
	android:name
		ADDED from src\main\AndroidManifest.xml:9:22-77
uses-permission#android.permission.WRITE_EXTERNAL_STORAGE
ADDED from src\main\AndroidManifest.xml:10:5-81
	android:name
		ADDED from src\main\AndroidManifest.xml:10:22-78
uses-permission#android.permission.ACCESS_NETWORK_STATE
ADDED from src\main\AndroidManifest.xml:11:5-79
MERGED from [com.google.firebase:firebase-database:19.0.0] AndroidManifest.xml:25:5-79
MERGED from [com.google.firebase:firebase-database:19.0.0] AndroidManifest.xml:25:5-79
MERGED from [com.google.firebase:firebase-storage:19.0.0] AndroidManifest.xml:26:5-79
MERGED from [com.google.firebase:firebase-storage:19.0.0] AndroidManifest.xml:26:5-79
MERGED from [com.google.firebase:firebase-config:19.0.0] AndroidManifest.xml:25:5-79
MERGED from [com.google.firebase:firebase-config:19.0.0] AndroidManifest.xml:25:5-79
MERGED from [com.google.android.gms:play-services-measurement-api:17.1.0] AndroidManifest.xml:23:5-79
MERGED from [com.google.android.gms:play-services-measurement-api:17.1.0] AndroidManifest.xml:23:5-79
MERGED from [com.google.firebase:firebase-iid:20.0.0] AndroidManifest.xml:22:5-79
MERGED from [com.google.firebase:firebase-iid:20.0.0] AndroidManifest.xml:22:5-79
MERGED from [com.google.android.gms:play-services-measurement:17.1.0] AndroidManifest.xml:24:5-79
MERGED from [com.google.android.gms:play-services-measurement:17.1.0] AndroidManifest.xml:24:5-79
MERGED from [com.google.android.gms:play-services-measurement-impl:17.1.0] AndroidManifest.xml:24:5-79
MERGED from [com.google.android.gms:play-services-measurement-impl:17.1.0] AndroidManifest.xml:24:5-79
MERGED from [com.google.android.gms:play-services-measurement-sdk-api:17.1.0] AndroidManifest.xml:24:5-79
MERGED from [com.google.android.gms:play-services-measurement-sdk-api:17.1.0] AndroidManifest.xml:24:5-79
	android:name
		ADDED from src\main\AndroidManifest.xml:11:22-76
uses-permission#android.permission.VIBRATE
ADDED from src\main\AndroidManifest.xml:12:5-66
	android:name
		ADDED from src\main\AndroidManifest.xml:12:22-63
application
ADDED from src\main\AndroidManifest.xml:14:5-339:19
MERGED from [com.google.android.material:material:1.0.0] AndroidManifest.xml:22:5-20
MERGED from [com.google.android.material:material:1.0.0] AndroidManifest.xml:22:5-20
MERGED from [androidx.constraintlayout:constraintlayout:1.1.3] AndroidManifest.xml:9:5-20
MERGED from [androidx.constraintlayout:constraintlayout:1.1.3] AndroidManifest.xml:9:5-20
MERGED from [com.google.firebase:firebase-core:17.1.0] AndroidManifest.xml:7:5-20
MERGED from [com.google.firebase:firebase-core:17.1.0] AndroidManifest.xml:7:5-20
MERGED from [com.google.firebase:firebase-database:19.0.0] AndroidManifest.xml:28:5-36:19
MERGED from [com.google.firebase:firebase-database:19.0.0] AndroidManifest.xml:28:5-36:19
MERGED from [com.google.firebase:firebase-storage:19.0.0] AndroidManifest.xml:29:5-37:19
MERGED from [com.google.firebase:firebase-storage:19.0.0] AndroidManifest.xml:29:5-37:19
MERGED from [com.google.firebase:firebase-crash:16.2.1] AndroidManifest.xml:24:5-30:19
MERGED from [com.google.firebase:firebase-crash:16.2.1] AndroidManifest.xml:24:5-30:19
MERGED from [com.google.firebase:firebase-auth:19.0.0] AndroidManifest.xml:23:5-40:19
MERGED from [com.google.firebase:firebase-auth:19.0.0] AndroidManifest.xml:23:5-40:19
MERGED from [com.google.firebase:firebase-messaging:20.0.0] AndroidManifest.xml:22:5-35:19
MERGED from [com.google.firebase:firebase-messaging:20.0.0] AndroidManifest.xml:22:5-35:19
MERGED from [com.google.firebase:firebase-config:19.0.0] AndroidManifest.xml:28:5-36:19
MERGED from [com.google.firebase:firebase-config:19.0.0] AndroidManifest.xml:28:5-36:19
MERGED from [com.github.bumptech.glide:glide:4.8.0] AndroidManifest.xml:10:5-20
MERGED from [com.github.bumptech.glide:glide:4.8.0] AndroidManifest.xml:10:5-20
MERGED from [com.github.clans:fab:1.6.4] AndroidManifest.xml:12:5-20
MERGED from [com.github.clans:fab:1.6.4] AndroidManifest.xml:12:5-20
MERGED from [com.crashlytics.sdk.android:crashlytics:2.7.1] AndroidManifest.xml:11:5-17:19
MERGED from [com.crashlytics.sdk.android:crashlytics:2.7.1] AndroidManifest.xml:11:5-17:19
MERGED from [com.google.firebase:firebase-auth-interop:18.0.0] AndroidManifest.xml:7:5-8:19
MERGED from [com.google.firebase:firebase-auth-interop:18.0.0] AndroidManifest.xml:7:5-8:19
MERGED from [com.google.firebase:firebase-analytics:17.1.0] AndroidManifest.xml:7:5-20
MERGED from [com.google.firebase:firebase-analytics:17.1.0] AndroidManifest.xml:7:5-20
MERGED from [com.google.android.gms:play-services-measurement-api:17.1.0] AndroidManifest.xml:26:5-34:19
MERGED from [com.google.android.gms:play-services-measurement-api:17.1.0] AndroidManifest.xml:26:5-34:19
MERGED from [com.google.firebase:firebase-iid:20.0.0] AndroidManifest.xml:28:5-45:19
MERGED from [com.google.firebase:firebase-iid:20.0.0] AndroidManifest.xml:28:5-45:19
MERGED from [com.google.firebase:firebase-abt:19.0.0] AndroidManifest.xml:11:5-17:19
MERGED from [com.google.firebase:firebase-abt:19.0.0] AndroidManifest.xml:11:5-17:19
MERGED from [com.google.firebase:firebase-common:19.0.0] AndroidManifest.xml:11:5-17:19
MERGED from [com.google.firebase:firebase-common:19.0.0] AndroidManifest.xml:11:5-17:19
MERGED from [com.google.firebase:firebase-iid-interop:17.0.0] AndroidManifest.xml:7:5-8:19
MERGED from [com.google.firebase:firebase-iid-interop:17.0.0] AndroidManifest.xml:7:5-8:19
MERGED from [com.google.android.gms:play-services-base:17.1.0] AndroidManifest.xml:22:5-27:19
MERGED from [com.google.android.gms:play-services-base:17.1.0] AndroidManifest.xml:22:5-27:19
MERGED from [com.google.android.gms:play-services-tasks:17.0.0] AndroidManifest.xml:7:5-20
MERGED from [com.google.android.gms:play-services-tasks:17.0.0] AndroidManifest.xml:7:5-20
MERGED from [com.google.firebase:firebase-measurement-connector:18.0.0] AndroidManifest.xml:22:5-23:19
MERGED from [com.google.firebase:firebase-measurement-connector:18.0.0] AndroidManifest.xml:22:5-23:19
MERGED from [com.google.android.gms:play-services-measurement:17.1.0] AndroidManifest.xml:28:5-53:19
MERGED from [com.google.android.gms:play-services-measurement:17.1.0] AndroidManifest.xml:28:5-53:19
MERGED from [com.google.android.gms:play-services-measurement-sdk:17.1.0] AndroidManifest.xml:22:5-23:19
MERGED from [com.google.android.gms:play-services-measurement-sdk:17.1.0] AndroidManifest.xml:22:5-23:19
MERGED from [com.google.android.gms:play-services-measurement-impl:17.1.0] AndroidManifest.xml:28:5-38:19
MERGED from [com.google.android.gms:play-services-measurement-impl:17.1.0] AndroidManifest.xml:28:5-38:19
MERGED from [com.google.android.gms:play-services-stats:17.0.0] AndroidManifest.xml:7:5-20
MERGED from [com.google.android.gms:play-services-stats:17.0.0] AndroidManifest.xml:7:5-20
MERGED from [com.google.android.gms:play-services-measurement-base:17.1.0] AndroidManifest.xml:7:5-20
MERGED from [com.google.android.gms:play-services-measurement-base:17.1.0] AndroidManifest.xml:7:5-20
MERGED from [com.google.android.gms:play-services-ads-identifier:17.0.0] AndroidManifest.xml:22:5-20
MERGED from [com.google.android.gms:play-services-ads-identifier:17.0.0] AndroidManifest.xml:22:5-20
MERGED from [com.google.android.gms:play-services-basement:17.0.0] AndroidManifest.xml:22:5-26:19
MERGED from [com.google.android.gms:play-services-basement:17.0.0] AndroidManifest.xml:22:5-26:19
MERGED from [androidx.core:core:1.0.1] AndroidManifest.xml:22:5-89
MERGED from [androidx.core:core:1.0.1] AndroidManifest.xml:22:5-89
MERGED from [androidx.versionedparcelable:versionedparcelable:1.0.0] AndroidManifest.xml:22:5-23:19
MERGED from [androidx.versionedparcelable:versionedparcelable:1.0.0] AndroidManifest.xml:22:5-23:19
MERGED from [com.github.bumptech.glide:gifdecoder:4.8.0] AndroidManifest.xml:9:5-20
MERGED from [com.github.bumptech.glide:gifdecoder:4.8.0] AndroidManifest.xml:9:5-20
MERGED from [com.crashlytics.sdk.android:beta:1.2.7] AndroidManifest.xml:11:5-20
MERGED from [com.crashlytics.sdk.android:beta:1.2.7] AndroidManifest.xml:11:5-20
MERGED from [com.crashlytics.sdk.android:crashlytics-core:2.4.1] AndroidManifest.xml:54:5-20
MERGED from [com.crashlytics.sdk.android:crashlytics-core:2.4.1] AndroidManifest.xml:54:5-20
MERGED from [com.crashlytics.sdk.android:answers:1.4.1] AndroidManifest.xml:11:5-20
MERGED from [com.crashlytics.sdk.android:answers:1.4.1] AndroidManifest.xml:11:5-20
MERGED from [io.fabric.sdk.android:fabric:1.4.1] AndroidManifest.xml:31:5-20
MERGED from [io.fabric.sdk.android:fabric:1.4.1] AndroidManifest.xml:31:5-20
	android:appComponentFactory
		ADDED from [androidx.core:core:1.0.1] AndroidManifest.xml:22:18-86
	android:label
		ADDED from src\main\AndroidManifest.xml:17:9-41
	android:roundIcon
		ADDED from src\main\AndroidManifest.xml:19:9-48
	android:icon
		ADDED from src\main\AndroidManifest.xml:16:9-43
	android:allowBackup
		ADDED from src\main\AndroidManifest.xml:18:9-35
	android:theme
		ADDED from src\main\AndroidManifest.xml:20:9-40
	android:name
		ADDED from src\main\AndroidManifest.xml:15:9-61
activity#com.techart.writersblock.MainActivity
ADDED from src\main\AndroidManifest.xml:22:9-30:20
	android:label
		ADDED from src\main\AndroidManifest.xml:24:13-45
	android:theme
		ADDED from src\main\AndroidManifest.xml:25:13-56
	android:name
		ADDED from src\main\AndroidManifest.xml:23:13-65
intent-filter#action:name:android.intent.action.MAIN+category:name:android.intent.category.LAUNCHER
ADDED from src\main\AndroidManifest.xml:26:13-29:29
action#android.intent.action.MAIN
ADDED from src\main\AndroidManifest.xml:27:17-69
	android:name
		ADDED from src\main\AndroidManifest.xml:27:25-66
category#android.intent.category.LAUNCHER
ADDED from src\main\AndroidManifest.xml:28:17-77
	android:name
		ADDED from src\main\AndroidManifest.xml:28:27-74
provider#com.techart.writersblock.sqliteutils.WritersBlockProvider
ADDED from src\main\AndroidManifest.xml:32:9-34:83
	android:authorities
		ADDED from src\main\AndroidManifest.xml:34:13-80
	android:name
		ADDED from src\main\AndroidManifest.xml:33:13-85
activity#com.techart.writersblock.CommentActivity
ADDED from src\main\AndroidManifest.xml:36:9-38:82
	android:parentActivityName
		ADDED from src\main\AndroidManifest.xml:38:13-79
	android:name
		ADDED from src\main\AndroidManifest.xml:37:13-68
activity#com.techart.writersblock.NotificationsActivity
ADDED from src\main\AndroidManifest.xml:40:9-48:20
	android:parentActivityName
		ADDED from src\main\AndroidManifest.xml:43:13-79
	android:label
		ADDED from src\main\AndroidManifest.xml:42:13-57
	android:name
		ADDED from src\main\AndroidManifest.xml:41:13-74
intent-filter#action:name:com.techart.writersblock.NotificationsActivity+category:name:android.intent.category.DEFAULT
ADDED from src\main\AndroidManifest.xml:44:13-47:29
action#com.techart.writersblock.NotificationsActivity
ADDED from src\main\AndroidManifest.xml:45:17-89
	android:name
		ADDED from src\main\AndroidManifest.xml:45:25-86
category#android.intent.category.DEFAULT
ADDED from src\main\AndroidManifest.xml:46:17-76
	android:name
		ADDED from src\main\AndroidManifest.xml:46:27-73
activity#com.techart.writersblock.ChapterCommentsActivity
ADDED from src\main\AndroidManifest.xml:50:9-52:82
	android:parentActivityName
		ADDED from src\main\AndroidManifest.xml:52:13-79
	android:name
		ADDED from src\main\AndroidManifest.xml:51:13-76
activity#com.techart.writersblock.ChaptersReplyActivity
ADDED from src\main\AndroidManifest.xml:54:9-56:93
	android:parentActivityName
		ADDED from src\main\AndroidManifest.xml:56:13-90
	android:name
		ADDED from src\main\AndroidManifest.xml:55:13-74
activity#com.techart.writersblock.ReplyActivity
ADDED from src\main\AndroidManifest.xml:58:9-60:85
	android:parentActivityName
		ADDED from src\main\AndroidManifest.xml:60:13-82
	android:name
		ADDED from src\main\AndroidManifest.xml:59:13-66
meta-data#android.support.PARENT_ACTIVITY
ADDED from src\main\AndroidManifest.xml:62:9-64:69
	android:value
		ADDED from src\main\AndroidManifest.xml:64:13-66
	android:name
		ADDED from src\main\AndroidManifest.xml:63:13-59
activity#com.techart.writersblock.ViewsActivity
ADDED from src\main\AndroidManifest.xml:66:9-69:82
	android:parentActivityName
		ADDED from src\main\AndroidManifest.xml:69:13-79
	android:excludeFromRecents
		ADDED from src\main\AndroidManifest.xml:68:13-46
	android:name
		ADDED from src\main\AndroidManifest.xml:67:13-66
activity#com.techart.writersblock.devotion.DevotionEditorActivity
ADDED from src\main\AndroidManifest.xml:75:9-77:49
	android:excludeFromRecents
		ADDED from src\main\AndroidManifest.xml:77:13-46
	android:name
		ADDED from src\main\AndroidManifest.xml:76:13-84
activity#com.techart.writersblock.setup.RegisterActivity
ADDED from src\main\AndroidManifest.xml:78:9-82:49
	android:autoRemoveFromRecents
		ADDED from src\main\AndroidManifest.xml:80:13-49
	android:noHistory
		ADDED from src\main\AndroidManifest.xml:81:13-37
	android:theme
		ADDED from src\main\AndroidManifest.xml:82:13-46
	android:name
		ADDED from src\main\AndroidManifest.xml:79:13-75
activity#com.techart.writersblock.setup.LoginActivity
ADDED from src\main\AndroidManifest.xml:84:9-87:49
	android:noHistory
		ADDED from src\main\AndroidManifest.xml:86:13-37
	android:theme
		ADDED from src\main\AndroidManifest.xml:87:13-46
	android:name
		ADDED from src\main\AndroidManifest.xml:85:13-72
activity#com.techart.writersblock.FullImageActivity
ADDED from src\main\AndroidManifest.xml:89:9-91:59
	android:theme
		ADDED from src\main\AndroidManifest.xml:91:13-56
	android:name
		ADDED from src\main\AndroidManifest.xml:90:13-70
activity#com.techart.writersblock.ImageActivity
ADDED from src\main\AndroidManifest.xml:93:9-95:59
	android:theme
		ADDED from src\main\AndroidManifest.xml:95:13-56
	android:name
		ADDED from src\main\AndroidManifest.xml:94:13-66
activity#com.techart.writersblock.stories.StoryDialogActivity
ADDED from src\main\AndroidManifest.xml:97:9-100:50
	android:noHistory
		ADDED from src\main\AndroidManifest.xml:99:13-37
	android:theme
		ADDED from src\main\AndroidManifest.xml:100:13-47
	android:name
		ADDED from src\main\AndroidManifest.xml:98:13-80
activity#com.techart.writersblock.stories.StoryTitleEditDialog
ADDED from src\main\AndroidManifest.xml:101:9-105:50
	android:excludeFromRecents
		ADDED from src\main\AndroidManifest.xml:103:13-46
	android:noHistory
		ADDED from src\main\AndroidManifest.xml:104:13-37
	android:theme
		ADDED from src\main\AndroidManifest.xml:105:13-47
	android:name
		ADDED from src\main\AndroidManifest.xml:102:13-81
activity#com.techart.writersblock.BiographyActivity
ADDED from src\main\AndroidManifest.xml:107:9-111:50
	android:excludeFromRecents
		ADDED from src\main\AndroidManifest.xml:109:13-46
	android:noHistory
		ADDED from src\main\AndroidManifest.xml:110:13-37
	android:theme
		ADDED from src\main\AndroidManifest.xml:111:13-47
	android:name
		ADDED from src\main\AndroidManifest.xml:108:13-70
activity#com.techart.writersblock.AboutActivity
ADDED from src\main\AndroidManifest.xml:113:9-118:58
	android:parentActivityName
		ADDED from src\main\AndroidManifest.xml:117:13-79
	android:label
		ADDED from src\main\AndroidManifest.xml:115:13-42
	android:launchMode
		ADDED from src\main\AndroidManifest.xml:116:13-43
	android:theme
		ADDED from src\main\AndroidManifest.xml:118:13-56
	android:name
		ADDED from src\main\AndroidManifest.xml:114:13-66
activity#com.techart.writersblock.utils.NumberRequestDialog
ADDED from src\main\AndroidManifest.xml:120:9-124:50
	android:excludeFromRecents
		ADDED from src\main\AndroidManifest.xml:122:13-46
	android:noHistory
		ADDED from src\main\AndroidManifest.xml:123:13-37
	android:theme
		ADDED from src\main\AndroidManifest.xml:124:13-47
	android:name
		ADDED from src\main\AndroidManifest.xml:121:13-78
activity#com.techart.writersblock.setup.PasswordResetDialog
ADDED from src\main\AndroidManifest.xml:126:9-130:50
	android:excludeFromRecents
		ADDED from src\main\AndroidManifest.xml:128:13-46
	android:noHistory
		ADDED from src\main\AndroidManifest.xml:129:13-37
	android:theme
		ADDED from src\main\AndroidManifest.xml:130:13-47
	android:name
		ADDED from src\main\AndroidManifest.xml:127:13-78
activity#com.techart.writersblock.stories.StoryDescriptionEditDialog
ADDED from src\main\AndroidManifest.xml:132:9-136:50
	android:excludeFromRecents
		ADDED from src\main\AndroidManifest.xml:134:13-46
	android:noHistory
		ADDED from src\main\AndroidManifest.xml:135:13-37
	android:theme
		ADDED from src\main\AndroidManifest.xml:136:13-47
	android:name
		ADDED from src\main\AndroidManifest.xml:133:13-87
activity#com.techart.writersblock.FacebookActivity
ADDED from src\main\AndroidManifest.xml:138:9-142:50
	android:excludeFromRecents
		ADDED from src\main\AndroidManifest.xml:140:13-46
	android:noHistory
		ADDED from src\main\AndroidManifest.xml:141:13-37
	android:theme
		ADDED from src\main\AndroidManifest.xml:142:13-47
	android:name
		ADDED from src\main\AndroidManifest.xml:139:13-69
activity#com.techart.writersblock.OnStoryNotificationActivity
ADDED from src\main\AndroidManifest.xml:144:9-152:20
	android:parentActivityName
		ADDED from src\main\AndroidManifest.xml:146:13-79
	android:launchMode
		ADDED from src\main\AndroidManifest.xml:147:13-43
	android:name
		ADDED from src\main\AndroidManifest.xml:145:13-80
intent-filter#action:name:Story_Notice+category:name:android.intent.category.DEFAULT
ADDED from src\main\AndroidManifest.xml:148:13-151:29
action#Story_Notice
ADDED from src\main\AndroidManifest.xml:149:17-55
	android:name
		ADDED from src\main\AndroidManifest.xml:149:25-52
activity#com.techart.writersblock.ReadersActivity
ADDED from src\main\AndroidManifest.xml:154:9-161:20
	android:parentActivityName
		ADDED from src\main\AndroidManifest.xml:156:13-79
	android:name
		ADDED from src\main\AndroidManifest.xml:155:13-68
intent-filter#action:name:com.techart.writersblock.ReadersActivity+category:name:android.intent.category.DEFAULT
ADDED from src\main\AndroidManifest.xml:157:13-160:29
action#com.techart.writersblock.ReadersActivity
ADDED from src\main\AndroidManifest.xml:158:17-83
	android:name
		ADDED from src\main\AndroidManifest.xml:158:25-80
activity#com.techart.writersblock.WritersActivity
ADDED from src\main\AndroidManifest.xml:163:9-170:20
	android:parentActivityName
		ADDED from src\main\AndroidManifest.xml:165:13-79
	android:name
		ADDED from src\main\AndroidManifest.xml:164:13-68
intent-filter#action:name:com.techart.writersblock.WritersActivity+category:name:android.intent.category.DEFAULT
ADDED from src\main\AndroidManifest.xml:166:13-169:29
action#com.techart.writersblock.WritersActivity
ADDED from src\main\AndroidManifest.xml:167:17-83
	android:name
		ADDED from src\main\AndroidManifest.xml:167:25-80
activity#com.techart.writersblock.HelpActivity
ADDED from src\main\AndroidManifest.xml:172:9-179:20
	android:parentActivityName
		ADDED from src\main\AndroidManifest.xml:174:13-79
	android:name
		ADDED from src\main\AndroidManifest.xml:173:13-65
intent-filter#action:name:com.techart.writersblock.HelpActivity+category:name:android.intent.category.DEFAULT
ADDED from src\main\AndroidManifest.xml:175:13-178:29
action#com.techart.writersblock.HelpActivity
ADDED from src\main\AndroidManifest.xml:176:17-80
	android:name